glossary.htm
index1.htm
searchresults.htm
table_of_contents.htm
template\scripts\constants.js
template\scripts\utils.js
template\scripts\mhutils.js
template\scripts\mhlang.js
template\scripts\mhver.js
template\scripts\settings.js
template\scripts\XmlJsReader.js
template\scripts\loadscreen.js
template\scripts\loadcsh.js
template\scripts\loadparentdata.js
template\scripts\loadprojdata.js
template\scripts\showhidecontrols.js
template\scripts\pageloader.js
template\resources\LoadingData.gif
template\scripts\toctree.js
template\scripts\toctreeloader.js
template\resources\TOCTreeCloseBook.png
template\resources\TOCTreeCloseBookHover.png
template\resources\TOCTreeCloseBookSelected.png
template\resources\TOCTreeLink.png
template\resources\TOCTreeLinkHover.png
template\resources\TOCTreeLinkSelected.png
template\resources\TOCTreeOpenBook.png
template\resources\TOCTreeOpenBookHover.png
template\resources\TOCTreeOpenBookSelected.png
template\resources\TOCTreePage.png
template\resources\TOCTreePageHover.png
template\resources\TOCTreePageSelected.png
template\scripts\indextree.js
template\scripts\indextreeloader.js
template\scripts\glossarylist.js
template\scripts\glossarylistloader.js
template\scripts\mhtopic.js
template\resources\Search.png
template\scripts\searchfield.js
template\resources\BSBack.png
template\resources\BSNext.png
template\scripts\tabpanels.js
Responsive HTML5_favicon.ico
template\scripts\toctreeloader1.js
template\scripts\indextreeloader1.js
template\scripts\glossarylistloader1.js
template\scripts\tabpanels1.js
template\scripts\toctreeloader2.js
template\scripts\indextreeloader2.js
template\scripts\glossarylistloader2.js
template\scripts\tabpanels2.js
template\scripts\andsearchfield.js
template\scripts\toctreeloader3.js
template\scripts\indextreeloader3.js
template\scripts\glossarylistloader3.js
template\scripts\mhfhost.js
template\scripts\search.js
template\scripts\tabpanels3.js
template\scripts\tocdrilldown.js
template\scripts\tocdrilldownloader.js
template\resources\TOCNodeCloseBook.png
template\resources\TOCNodeCloseBookHover.png
template\resources\TOCNodeCloseBookSelected.png
template\resources\TOCNodeLink.png
template\resources\TOCNodeLinkHover.png
template\resources\TOCNodeLinkSelected.png
template\resources\TOCNodeOpenBook.png
template\resources\TOCNodeOpenBookHover.png
template\resources\TOCNodeOpenBookSelected.png
template\resources\TOCNodePage.png
template\resources\TOCNodePageHover.png
template\resources\TOCNodePageSelected.png
template\resources\TocNodeUp.png
template\scripts\indextreeloader4.js
template\scripts\glossarylistloader4.js
template\scripts\tabpanels4.js
index.html
